<?xml version="1.0" encoding="UTF-8"?>
<!-- Generated by org.testng.reporters.JUnitReportReporter -->
<testsuite skipped="0" hostname="nvginws168" name="TestNG_test.Parameterstestng" tests="1" failures="0" timestamp="14 Nov 2018 07:29:40 GMT" time="6.702" errors="0">
  <testcase name="yahoologintestmethod" time="6.702" classname="TestNG_test.Parameterstestng"/>
</testsuite> <!-- TestNG_test.Parameterstestng -->
