<?xml version="1.0" encoding="UTF-8"?>
<!-- Generated by org.testng.reporters.JUnitReportReporter -->
<testsuite skipped="1" hostname="nvginws168" name="TestNG_test.practice_test" tests="2" failures="0" timestamp="13 Nov 2018 12:25:26 GMT" time="32.304" errors="0">
  <testcase name="searchpricingtest" time="32.304" classname="TestNG_test.practice_test"/>
  <testcase name="pricingkey_search" classname="TestNG_test.practice_test">
    <skipped/>
  </testcase> <!-- pricingkey_search -->
</testsuite> <!-- TestNG_test.practice_test -->
